[    0.000000] Initiiznggrup subsys cpus
    0.000000] Initializing cgroup subsys cpu
[    0.000000] Initializing cgroup subsys cpuacct
[    0.000000] Linux version 4.4.0-28-generic (buildd@lcy01-13) (gcc version 5.3.1 20160413 (Ubuntu 5.3.1-14ubuntu2.1) ) #47-Ubuntu SMP Fri Jun 24 10:09:13 UTC 2016 (Ubuntu 4.4.0-28.47-generic 4.4.13)
[    0.000000] Command line: BOOT_IMAGE=/boot/vmlinuz-4.4.0-28-generic root=LABEL=cloudimg-rootfs ro console=tty1 console=ttyS0
[    0.000000] KERNEL supported cpus:
[    0.000000]   Intel GenuineIntel
[    0.000000]   AMD AuthenticAMD
[    0.000000]   Centaur CentaurHauls
[    0.000000] x86/fpu: Legacy x87 FPU detected.
[    0.000000] x86/fpu: Using 'lazy' FPU context switches.
[    0.000000] e820: BIOS-provided physical RAM map:
[    0.000000] BIOS-e820: [mem 0x0000000000000000-0x000000000009fbff] usable
[    0.000000] BIOS-e820: [mem 0x000000000009fc00-0x000000000009ffff] reserved
[    0.000000] BIOS-e820: [mem 0x00000000000f0000-0x00000000000fffff] reserved
[    0.000000] BIOS-e820: [mem 0x0000000000100000-0x000000003ffeffff] uabe
[    0.000000] BIOS-e820: [mem 0x000000003fff0000-0x000000003fffffff] ACPI data
[    0.000000] BIOS-e820: [mem 0x00000000fffc0000-0x00000000ffffffff] reserved
[    0.000000] NX (Execute Disable) protection: active
[    0.000000] SMBIOS 2.5 present.
[    0.000000] Hypervisor detected: KVM
[    0.000000] e820: last_pfn = 0x3fff0 max_arch_pfn = 0x400000000
[    0.000000] x86/PAT: Configuration [0-7]: WB  WC  UC- UC  WB  WC  UC- WT  
[    0.000000] MTRR: Disabled
[    0.000000] CPU MTRRs all blank -viualized sst.
[    .00000] found MPMP-tabe  [mem 0x009f0-0x0009ffff] mapped at [ffff88000009fff0]
[    0.000000] Scanning 1 areas for low memory corruption
[    0.000000] RAMDISK: [mem 0x371b0000-0x378cffff]
[    0.000000] ACPI: Early table checksum verification disabled
[    0.000000] ACPI: RSDP 0x00000000000E0000 000024 (v02 VBOX  )
[    0.000000] ACPI: XSDT 0x000000003FFF0030 00003C (v01 VBOX   VBOXXSDT 00000001 ASL  00000061)
[    0.000000] ACPI: FACP 0x000000003FFF00F0 0000F4 (v04 VBOX   VBOXFACP 00000001 ASL  00000061)
[  .000000] ACPI: DSDT 0x000000003FFF0470 002118 (v01 VBOX   VBOXOS00000002 INTL 14214)
[    0.000] ACPI: FAS x00000003F0200004
[   0.000000] AI:FACS 0x000000003FFF0200 000040
[    0.000000] AI:APIC 0x000000003FFF0240 00005C (v02 VB  VBOXAPIC 00000001 ASL  00000061)
    0.000000] ACP: DT 000003FF02A 001C (v01 VBOX   VBOXCPUT 00000002 INTL 201421
[    0.000000] No NUMA confiraion found
[    0.000000] Faking a nodat[mem 0x0000000000000000-0x000000003ffeff
[    0.000000] NODE_DATA) llocated [mem 0x3ffeb000-0ffffff]
[   0.000000] km-ock: Usig msrs 4b564d01 and 4b564d00
[    0.000000] kvm-clock: cpu 0, msr 0:3ffe7001, primary cpu clock
[    0.000000] kvm-clock: using sched offset of 3180065633 cycles
[    0.000000] clocksource: kvm-clock: mask: 0xffffffffffffffff max_cycles: 0x1cd42e4dffb, max_idle_ns: 881590591483 ns
[    0.000000] Zone ranges:
[    0.000000]   DMA      [mem 0x0000000000001000-0x0000000000ffffff]
[    0.000000]   DMA32    [mem 0x0000000001000000-0x000000003ffeffff]
[    0.000000]   Normal   empty
[    0.000000]   Device   empty
[    0.000000] Movable zone start for each node
[    0.000000] Early memory node ranges
[    0.000000]   node   0: [mem 0x0000000000001000-0x000000000009efff]
[    0.000000]   node   0: [mem 0x0000000000100000-0x000000003ffeffff]
[    0.000000] Initmem setup node 0 [mem 0x0000000000001000-0x000000003ffeffff]
[    0.000000] ACPI: PM-Timer IO Port: 0x4008
[    0.000000] IOAPIC[0]: apic_id 2, version 17, address 0xfec00000, GSI 0-23
[    0.000000] ACPI: INT_SRC_OVR (bus 0 bus_irq 0 global_irq 2 dfl dfl)
[    0.000000] ACPI: INT_SRC_OVR (bus 0 bus_irq 9 global_irq 9 high level)
[    0.000000] Using ACPI (MADT) for SMP configuration information
[    0.000000] smpboot: Allowing 2 CPUs, 0 hotplug CPUs
[    0.000000] PM: Registered nosave memory: [mem 0x00000000-0x00000fff]
[    0.000000] PM: Registered nosave memory: [mem 0x0009f000-0x0009ffff]
[    0.000000] PM: Registered nosave memory: [mem 0x000a0000-0x000effff]
[    0.000000] PM: Registered nosave memory: [mem 0x000f0000-0x000fffff]
[    0.000000] e820: [mem 0x40000000-0xfffbffff] available for PCI devices
[    0.000000] Booting paravirtualized kernel on KVM
[    0.000000] clocksource: refined-jiffies: mask: 0xffffffff max_cycles: 0xffffffff, max_idle_ns: 7645519600211568 ns
[    0.000000] setup_percpu: NR_CPUS:256 nr_cpumask_bits:256 nr_cpu_ids:2 nr_node_ids:1
[    0.000000] PERCPU: Embedded 33 pages/cpu @ffff88003fc00000 s98008 r8192 d28968 u1048576
[    0.000000] PV qspinlock hash table entries: 256 (order: 0, 4096 bytes)
[    0.000000] Built 1 zonelists in Node order, mobility grouping on.  Total pages: 257913
[    0.000000] Policy zone: DMA32
[    0.000000] Kernel command line: BOOT_IMAGE=/boot/vmlinuz-4.4.0-28-generic root=LABEL=cloudimg-rootfs ro console=tty1 console=ttyS0
[    0.000000] PID hash table entries: 4096 (order: 3, 32768 bytes)
[    0.000000] Memory: 1005344K/1048120K available (8368K kernel code, 1280K rwdata, 3928K rodata, 1480K init, 1292K bss, 42776K reserved, 0K cma-reserved)
[    0.000000] SLUB: HWalign=64, Order=0-3, MinObjects=0, CPUs=2, Nodes=1
[    0.000000] Hierarchical RCU implementation.
[    0.000000] 	Build-time adjustment of leaf fanout to 64.
[    0.000000] 	RCU restricting CPUs from NR_CPUS=256 to nr_cpu_ids=2.
[    0.000000] RCU: Adjusting geometry for rcu_fanout_leaf=64, nr_cpu_ids=2
[    0.000000] NR_IRQS:16640 nr_irqs:440 16
[    0.000000] Console: colour VGA+ 80x25
[    0.000000] console [tty1] enabled
[    0.000000] console [ttyS0] enabled
[    0.000000] tsc: Detected 2667.668 MHz processor
[    3.869178] Calibrating delay loop (skipped) preset value.. 5335.33 BogoMIPS (lpj=10670672)
[    3.871931] pid_max: default: 32768 minimum: 301
[    3.873584] ACPI: Core revision 20150930
[    3.876957] ACPI: 2 ACPI AML tables successfully acquired and loaded
[    3.879250] Security Framework initialized
[    3.880733] Yama: becoming mindful.
[    3.882066] AppArmor: AppArmor initialized
[    3.883652] Dentry cache hash table entries: 131072 (order: 8, 1048576 bytes)
[    3.885999] Inode-cache hash table entries: 65536 (order: 7, 524288 bytes)
[    3.888027] Mount-cache hash table entries: 2048 (order: 2, 16384 bytes)
[    3.889284] Mountpoint-cache hash table entries: 2048 (order: 2, 16384 bytes)
[    3.902552] Initializing cgroup subsys io
[    3.903423] Initializing cgroup subsys memory
[    3.904373] Initializing cgroup subsys devices
[    3.905296] Initializing cgroup subsys freezer
[    3.906229] Initializing cgroup subsys net_cls
[    3.907149] Initializing cgroup subsys perf_event
[    3.908136] Initializing cgroup subsys net_prio
[    3.909074] Initializing cgroup subsys hugetlb
[    3.910006] Initializing cgroup subsys pids
[    3.910983] CPU: Physical Processor ID: 0
[    3.911858] CPU: Processor Core ID: 0
[    3.912684] mce: CPU supports 0 MCE banks
[    3.913569] Last level iTLB entries: 4KB 512, 2MB 7, 4MB 7
[    3.914633] Last level dTLB entries: 4KB 512, 2MB 32, 4MB 32, 1GB 0
[    3.918209] Freeing SMP alternatives memory: 28K (ffffffff820b4000 - ffffffff820bb000)
[    3.930203] ftrace: allocating 31920 entries in 125 pages
[    3.984334] smpboot: Max logical packages: 1
[    3.988673] smpboot: APIC(0) Converting physical 0 to logical package 0
[    3.991352] ..TIMER: vector=0x30 apic1=0 pin1=2 apic2=-1 pin2=-1
[    4.099752] smpboot: CPU0: Intel(R) Xeon(R) CPU           E5640  @ 2.67GHz (family: 0x6, model: 0x2c, stepping: 0x2)
[    4.108337] Performance Events: unsupported p6 CPU model 44 no PMU driver, software events only.
[    4.304233] KVM setup paravirtual spinlock
[    4.430141] x86: Booting SMP configuration:
[    4.553363] .... node  #0, CPUs:      #1
[    4.660294] kvm-clock: cpu 1, msr 0:3ffe7041, secondary cpu clock
[    4.877517] mce: CPU supports 0 MCE banks
[    4.934014] x86: Booted up 1 node, 2 CPUs
[    4.935126] smpboot: Total of 2 processors activated (10670.67 BogoMIPS)
[    4.937150] devtmpfs: initialized
[    4.956245] evm: security.selinux
[    4.979397] evm: security.SMACK64
[    5.006412] evm: security.SMACK64EXEC
[    5.036720] evm: security.SMACK64TRANSMUTE
[    5.064704] evm: security.SMACK64MMAP
[    5.092978] evm: security.ima
[    5.115577] evm: security.capability
[    5.120193] clocksource: jiffies: mask: 0xffffffff max_cycles: 0xffffffff, max_idle_ns: 7645041785100000 ns
[    5.122347] pinctrl core: initialized pinctrl subsystem
[    5.123513] RTC time:  8:18:15, date: 07/07/16
[    5.124775] NET: Registered protocol family 16
[    5.135544] cpuidle: using governor ladder
[    5.148004] cpuidle: using governor menu
[    5.148889] PCCT header not found.
[    5.150120] ACPI: bus type PCI registered
[    5.151607] acpiphp: ACPI Hot Plug PCI Controller Driver version: 0.5
[    5.153723] PCI: Using configuration type 1 for base access
[    5.170374] ACPI: Added _OSI(Module Device)
[    5.171857] ACPI: Added _OSI(Processor Device)
[    5.173368] ACPI: Added _OSI(3.0 _SCP Extensions)
[    5.174938] ACPI: Added _OSI(Processor Aggregator Device)
[    5.177884] ACPI: Executed 1 blocks of module-level executable AML code
[    5.183857] ACPI: Interpreter enabled
[    5.185230] ACPI Exception: AE_NOT_FOUND, While evaluating Sleep State [\_S1_] (20150930/hwxface-580)
[    5.187206] ACPI Exception: AE_NOT_FOUND, While evaluating Sleep State [\_S2_] (20150930/hwxface-580)
[    5.189167] ACPI Exception: AE_NOT_FOUND, While evaluating Sleep State [\_S3_] (20150930/hwxface-580)
[    5.191136] ACPI Exception: AE_NOT_FOUND, While evaluating Sleep State [\_S4_] (20150930/hwxface-580)
[    5.193093] ACPI: (supports S0 S5)
[    5.232755] ACPI: Using IOAPIC for interrupt routing
[    5.275519] PCI: Using host bridge windows from ACPI; if necessary, use "pci=nocrs" and report a bug
[    5.358987] ACPI: PCI Root Bridge [PCI0] (domain 0000 [bus 00-ff])
[    5.412876] acpi PNP0A03:00: _OSC: OS supports [ASPM ClockPM Segments MSI]
[    5.471411] acpi PNP0A03:00: _OSC failed (AE_NOT_FOUND); disabling ASPM
[    5.526718] acpi PNP0A03:00: fail to add MMCONFIG information, can't access extended PCI configuration space under this bridge.
[    5.579296] PCI host bridge to bus 0000:00
[    5.580157] pci_bus 0000:00: root bus resource [io  0x0000-0x0cf7 window]
[    5.581382] pci_bus 0000:00: root bus resource [io  0x0d00-0xffff window]
[    5.582762] pci_bus 0000:00: root bus resource [mem 0x000a0000-0x000bffff window]
[    5.584349] pci_bus 0000:00: root bus resource [mem 0x40000000-0xffdfffff window]
[    5.626823] pci_bus 0000:00: root bus resource [bus 00-ff]
[    5.676068] pci 0000:00:01.1: legacy IDE quirk: reg 0x10: [io  0x01f0-0x01f7]
[    5.737367] pci 0000:00:01.1: legacy IDE quirk: reg 0x14: [io  0x03f6]
[    5.772961] pci 0000:00:01.1: legacy IDE quirk: reg 0x18: [io  0x0170-0x0177]
[    5.774239] pci 0000:00:01.1: legacy IDE quirk: reg 0x1c: [io  0x0376]
[    5.813903] ACPI: PCI Interrupt Link [LNKA] (IRQs 5 9 10 11) *0, disabled.
[    5.838421] ACPI: PCI Interrupt Link [LNKB] (IRQs 5 9 10 *11)
[    5.840034] ACPI: PCI Interrupt Link [LNKC] (IRQs 5 9 *10 11)
[    5.884021] ACPI: PCI Interrupt Link [LNKD] (IRQs 5 *9 10 11)
[    5.930325] ACPI: Enabled 2 GPEs in block 00 to 07
[    5.948528] vgaarb: setting as boot device: PCI:0000:00:02.0
[    5.965121] vgaarb: device added: PCI:0000:00:02.0,decodes=io+mem,owns=io+mem,locks=none
[    5.979426] vgaarb: loaded
[    5.985630] vgaarb: bridge control possible 0000:00:02.0
[    5.987176] SCSI subsystem initialized
[    5.988451] ACPI: bus type USB registered
[    5.989589] usbcore: registered new interface driver usbfs
[    5.990844] usbcore: registered new interface driver hub
[    5.992116] usbcore: registered new device driver usb
[    5.993799] PCI: Using ACPI for IRQ routing
[    5.995146] NetLabel: Initializing
[    5.996117] NetLabel:  domain hash size = 128
[    5.997216] NetLabel:  protocols = UNLABELED CIPSOv4
[    5.998477] NetLabel:  unlabeled traffic allowed by default
[    6.000217] clocksource: Switched to clocksource kvm-clock
[    6.012067] AppArmor: AppArmor Filesystem Enabled
[    6.014897] pnp: PnP ACPI init
[    6.017533] pnp: PnP ACPI: found 3 devices
[  6391]losoceac_p mk:xfffmacyes: 0xffff m_ie_: 85104 s  7.08] T:egted otolamly 2
[   7.20] P taisd shab etres81 (de 4656 te
[    87193] TCP bid shab eri: 92orr:, 10 bes
  9.30] P:ash table cnfigured (esabsh 82 nd19
[   101459UDha tlentie 5 (de 2164 ytes)
[ 108224UDLi hh blenie 5 (de 2164 te
  1.612] NET: Registered protocol family 1
[ 11513]ci00000. Litg re P/P tnsrs[ 12661065] ci 0000:00:01.0: Actiatg A A ngorrods[ 13404]ryg  uacrofs imageasinitrafs..

[   15.312091] Freeing initrd memory: 7296K (ffff8800371b0000 - ffff8800378d0000)
[   15.739535] platform rtc_cmos: registered platform RTC device (no PNP device found)
[   16.139289] Scanning for low memory corruption every 60 seconds
[   16.239375] futex hash table entries: 512 (order: 3, 32768 bytes)
[   16.358823] audit: initializing netlink subsys (disabled)
[   16.448784] audit: type=2000 audit(1467879505.625:1): initialized
[   16.578073] Initialise system trusted keyring
[   16.658961] HugeTLB registered 2 MB page size, pre-allocated 0 pages
[   16.808709] tsc: Refined TSC clocksource calibration: 2669.786 MHz
[   16.815908] zbud: loaded
[   16.816221] VFS: Disk quotas dquot_6.6.0
[   16.816276] VFS: Dquot-cache hash table entries: 512 (order 0, 4096 bytes)
[   16.817102] fuse init (API version 7.23)
[   16.817441] Key type big_key registered
[   16.817480] Allocating IMA MOK and blacklist keyrings.
[   16.817939] Key type asymmetric registered
[   16.817951] Asymmetric key parser 'x509' registered
[   16.818016] Block layer SCSI generic (bsg) driver version 0.4 loaded (major 249)
[   16.818099] io scheduler noop registered
[   16.818102] io scheduler deadline registered (default)
[   16.818156] io scheduler cfq registered
[   16.818320] pci_hotplug: PCI Hot Plug PCI Core version: 0.5
[   16.818330] pciehp: PCI Express Hot Plug Controller Driver version: 0.4
[   16.818538] ACPI: AC Adapter [AC] (on-line)
[   16.818627] input: Power Button as /devices/LNXSYSTM:00/LNXPWRBN:00/input/input0
[   16.818631] ACPI: Power Button [PWRF]
[   16.818748] input: Sleep Button as /devices/LNXSYSTM:00/LNXSLPBN:00/input/input1
[   16.818751] ACPI: Sleep Button [SLPF]
[   16.818987] GHES: HEST is not enabled!
[   16.819118] Serial: 8250/16550 driver, 32 ports, IRQ sharing enabled
[   17.042657] 00:02: ttyS0 at I/O 0x3f8 (irq = 4, base_baud = 115200) is a 16550A
[   17.069671] Linux agpgart interface v0.103
[   17.123063] brd: module loaded
[   17.124193] loop: module loaded
[   17.124856] scsi host0: ata_piix
[   17.124928] scsi host1: ata_piix
[   17.124967] ata1: PATA max UDMA/33 cmd 0x1f0 ctl 0x3f6 bmdma 0xd000 irq 14
[   17.124968] ata2: PATA max UDMA/33 cmd 0x170 ctl 0x376 bmdma 0xd008 irq 15
[   17.125058] libphy: Fixed MDIO Bus: probed
[   17.125061] tun: Universal TUN/TAP device driver, 1.6
[   17.125061] tun: (C) 1999-2004 Max Krasnyansky <maxk@qualcomm.com>
[   17.125104] PPP generic driver version 2.4.2
[   17.125161] ehci_hcd: USB 2.0 'Enhanced' Host Controller (EHCI) Driver
[   17.125165] ehci-pci: EHCI PCI platform driver
[   17.125183] ehci-platform: EHCI generic platform driver
[   17.125191] ohci_hcd: USB 1.1 'Open' Host Controller (OHCI) Driver
[   17.125194] ohci-pci: OHCI PCI platform driver
[   17.125205] ohci-platform: OHCI generic platform driver
[   17.125213] uhci_hcd: USB Universal Host Controller Interface driver
[   17.125273] i8042: PNP: PS/2 Controller [PNP0303:PS2K,PNP0f03:PS2M] at 0x60,0x64 irq 1,12
[   17.125836] serio: i8042 KBD port at 0x60,0x64 irq 1
[   17.125841] serio: i8042 AUX port at 0x60,0x64 irq 12
[   17.125960] mousedev: PS/2 mouse device common for all mice
[   17.126306] input: AT Translated Set 2 keyboard as /devices/platform/i8042/serio0/input/input2
[   17.126704] rtc_cmos rtc_cmos: rtc core: registered rtc_cmos as rtc0
[   17.126782] rtc_cmos rtc_cmos: alarms up to one day, 114 bytes nvram
[   17.126791] i2c /dev entries driver
[   17.126847] device-mapper: uevent: version 1.0.3
[   17.126909] device-mapper: ioctl: 4.34.0-ioctl (2015-10-28) initialised: dm-devel@redhat.com
[   17.126925] ledtrig-cpu: registered to indicate activity on CPUs
[   17.127222] NET: Registered protocol family 10
[   17.127412] NET: Registered protocol family 17
[   17.127425] Key type dns_resolver registered
[   17.127583] microcode: CPU0 sig=0x206c2, pf=0x4, revision=0x616
[   17.276647] microcode: CPU1 sig=0x206c2, pf=0x4, revision=0x616
[   17.276789] microcode: Microcode Update Driver: v2.01 <tigran@aivazian.fsnet.co.uk>, Peter Oruba
[   17.276984] registered taskstats version 1
[   17.276997] Loading compiled-in X.509 certificates
[   17.277940] Loaded X.509 cert 'Build time autogenerated kernel key: 6ea974e07bd0b30541f4d838a3b7a8a80d5ca9af'
[   17.277968] zswap: loaded using pool lzo/zbud
[   17.280381] Key type trusted registered
[   17.283109] Key type encrypted registered
[   17.283114] AppArmor: AppArmor sha1 policy hashing enabled
[   17.283116] ima: No TPM chip found, activating TPM-bypass!
[   17.283139] evm: HMAC attrs: 0x1
[   17.283451]   Magic number: 8:648:320
[   17.283455] misc microcode: hash matches
[   17.283457] platform microcode: hash matches
[   17.283485] tty tty45: hash matches
[   17.438301] rtc_cmos rtc_cmos: setting system clock to 2016-07-07 08:18:27 UTC (1467879507)
[   17.438400] BIOS EDD facility v0.16 2004-Jun-25, 0 devices found
[   17.438400] EDD information not available.
[   28.420531] clocksource: tsc: mask: 0xffffffffffffffff max_cycles: 0x267bc07c9c5, max_idle_ns: 440795280230 ns
[   28.426767] Freeing unused kernel memory: 1480K (ffffffff81f42000 - ffffffff820b4000)
[   28.429431] Write protecting the kernel read-only data: 14336k
[   28.432687] Freeing unused kernel memory: 1860K (ffff88000182f000 - ffff880001a00000)
[   28.436338] Freeing unused kernel memory: 168K (ffff880001dd6000 - ffff880001e00000)
Loading, please wait...
[   28.885888] random: systemd-udevd urandom read with 3 bits of entropy available
starting version 229
[   29.483938] e1000: Intel(R) PRO/1000 Network Driver - version 7.3.21-k8-NAPI
[   29.713022] e1000: Copyright (c) 1999-2006 Intel Corporation.
[   29.715932] Fusion MPT base driver 3.04.20
[   29.717015] Copyright (c) 1999-2008 LSI Corporation
[   29.750084] Fusion MPT SPI Host driver 3.04.20
[   29.890779] SSE version of gcm_enc/dec engaged.
[   30.030344] input: ImExPS/2 Generic Explorer Mouse as /devices/platform/i8042/serio1/input/input4
[   30.651888] e1000 0000:00:03.0 eth0: (PCI:33MHz:32-bit) 02:81:60:f4:7d:88
[   30.996916] e1000 0000:00:03.0 eth0: Intel(R) PRO/1000 Network Connection
[   31.807902] e1000 0000:00:08.0 eth1: (PCI:33MHz:32-bit) 08:00:27:35:3d:d6
[   32.312262] e1000 0000:00:08.0 eth1: Intel(R) PRO/1000 Network Connection
[   32.406241] e1000 0000:00:03.0 enp0s3: renamed from eth0
[   32.406347] mptbase: ioc0: Initiating bringup
[   32.492818] e1000 0000:00:08.0 enp0s8: renamed from eth1
[   32.536696] ioc0: LSI53C1030 A0: Capabilities={Initiator}
[   32.702613] scsi host2: ioc0: LSI53C1030 A0, FwRev=00000000h, Ports=1, MaxQ=256, IRQ=20
[   32.757011] floppy0: no floppy controllers found
[   33.072167] scsi 2:0:0:0: Direct-Access     VBOX     HARDDISK         1.0  PQ: 0 ANSI: 5
[   33.636421] scsi target2:0:0: Beginning Domain Validation
[   33.998549] scsi target2:0:0: Domain Validation skipping write tests
[   34.302651] scsi target2:0:0: Ending Domain Validation
[   34.617382] scsi target2:0:0: asynchronous
[   34.801177] scsi 2:0:1:0: Direct-Access     VBOX     HARDDISK         1.0  PQ: 0 ANSI: 5
[   35.292600] scsi target2:0:1: Beginning Domain Validation
[   35.798102] scsi target2:0:1: Domain Validation skipping write tests
[   36.371025] scsi target2:0:1: Ending Domain Validation
[   36.602238] scsi target2:0:1: asynchronous
[   36.811179] sd 2:0:0:0: Attached scsi generic sg0 type 0
[   36.811243] sd 2:0:0:0: [sda] 20971520 512-byte logical blocks: (10.7 GB/10.0 GiB)
[   36.811658] sd 2:0:0:0: [sda] Write Protect is off
[   36.811946] sd 2:0:0:0: [sda] Incomplete mode parameter data
[   36.811948] sd 2:0:0:0: [sda] Assuming drive cache: write through
[   36.814056]  sda: sda1
[   36.815286] sd 2:0:0:0: [sda] Attached SCSI disk
[   37.382314] sd 2:0:1:0: [sdb] 20480 512-byte logical blocks: (10.5 MB/10.0 MiB)
[   37.385233] sd 2:0:1:0: Attached scsi generic sg1 type 0
[   37.387232] sd 2:0:1:0: [sdb] Write Protect is off
[   37.389318] sd 2:0:1:0: [sdb] Incomplete mode parameter data
[   37.391097] sd 2:0:1:0: [sdb] Assuming drive cache: write through
[   37.397794] sd 2:0:1:0: [sdb] Attached SCSI disk
Begin: Loading e[   39.307150] md: linear personality registered for level -1
ssential drivers ... [   39.778841] md: multipath personality registered for level -4
[   40.265140] md: raid0 personality registered for level 0
[   40.822167] md: raid1 personality registered for level 1
[   41.312834] raid6: sse2x1   gen()  6339 MB/s
[   41.819476] raid6: sse2x1   xor()  5283 MB/s
[   42.144523] raid6: sse2x2   gen()  7470 MB/s
[   42.639216] raid6: sse2x2   xor()  6163 MB/s
[   43.138941] raid6: sse2x4   gen()  8804 MB/s
[   43.308891] raid6: sse2x4   xor()  6309 MB/s
[   43.649394] raid6: using algorithm sse2x4 gen() 8804 MB/s
[   44.139231] raid6: .... xor() 6309 MB/s, rmw enabled
[   44.369116] raid6: using ssse3x2 recovery algorithm
[   44.792410] xor: measuring software checksum speed
[   44.836343]    prefetch64-sse: 10525.000 MB/sec
[   44.876340]    generic_sse:  9326.000 MB/sec
[   44.878338] xor: using function: prefetch64-sse (10525.000 MB/sec)
[   44.881839] async_tx: api initialized (async)
[   44.895982] md: raid6 personality registered for level 6
[   44.978932] md: raid5 personality registered for level 5
[   45.419925] md: raid4 personality registered for level 4
[   45.716913] md: raid10 personality registered for level 10
done.
Begin: Running /scripts/init-premount ... done.
Begin: Mounting root fil[   46.194451] Btrfs loaded
e system ... Begin: Running /scripts/local-top ... done.
Begin: Running /scripts/local-premount ... Scanning for Btrfs filesystems
done.
Warning: fsck not present, so skipping root file system
[   46.466244] EXT4-fs (sda1): mounted filesystem with ordered data mode. Opts: (null)
done.
Begin: Running /scripts/local-bottom ... done.
Begin: Running /scripts/init-bottom ... Warning: overlayroot: debug is busted
done.
[   46.878243] systemd[1]: systemd 229 running in system mode. (+PAM +AUDIT +SELINUX +IMA +APPARMOR +SMACK +SYSVINIT +UTMP +LIBCRYPTSETUP +GCRYPT +GNUTLS +ACL +XZ -LZ4 +SECCOMP +BLKID +ELFUTILS +KMOD -IDN)
[   48.728633] systemd[1]: Detected virtualization oracle.
[   49.147419] systemd[1]: Detected architecture x86-64.

Welcome to [1mUbuntu 16.04 LTS[0m!

[   49.702405] systemd[1]: Set hostname to <ubuntu>.
[   50.095911] systemd[1]: Initializing machine ID from random generator.
[   50.806967] systemd[1]: Installed transient /etc/machine-id file.
[   51.525769] random: nonblocking pool is initialized
[   52.249705] systemd[1]: Reached target Swap.
[[0;32m  OK  [0m] Reached target Swap.
[   52.716573] systemd[1]: Listening on LVM2 metadata daemon socket.
[[0;32m  OK  [0m] Listening on LVM2 metadata daemon socket.
[   53.396507] systemd[1]: Reached target Encrypted Volumes.
[[0;32m  OK  [0m] Reached target Encrypted Volumes.
[   53.411944] systemd[1]: Created slice System Slice.
[[0;32m  OK  [0m] Created slice System Slice.
[   53.417536] systemd[1]: Created slice system-getty.slice.
[[0;32m  OK  [0m] Created slice system-getty.slice.
[   53.428854] systemd[1]: Created slice system-serial\x2dgetty.slice.
[[0;32m  OK  [0m] Created slice system-serial\x2dgetty.slice.
[   53.441478] systemd[1]: Listening on Journal Socket.
[[0;32m  OK  [0m] Listening on Journal Socket.
[   53.456478] systemd[1]: Starting Create list of required static device nodes for the current kernel...
         Starting Create list of required st... nodes for the current kernel...
[   53.500450] systemd[1]: Starting Load Kernel Modules...
         Starting Load Kernel Modules...
[   53.516587] systemd[1]: Listening on Syslog Socket.
[[0;32m  OK  [0m] Listening on Syslog Socket.
[   53.526168] systemd[1]: Listening on Device-mapper event daemon FIFOs.
[[0;32m  OK  [0m] Listening on Device-mapper event daemon FIFO[   53.535894] Loading iSCSI transport class v2.0-870.
s.
[   53.547323] systemd[1]: Listening on Journal Audit Socket.
[[0;32m  OK  [0m] Listening on Journal Audit Socket.
[   53.553060] systemd[1]: Listening on udev Control Socket.
[[0;32m  OK  [0m] Listening on udev Control Socket.
[   53.567606] iscsi: registered transport (tcp)
[   53.576598] systemd[1]: Starting Uncomplicated firewall...
         Starting Uncomplicated firewall...
[   53.884653] systemd[1]: Listening on LVM2 poll daemon socket.
[[0;32m  OK  [0[   54.392268] iscsi: registered transport (iser)
m] Listening on LVM2 poll daemon socket.
[  5.725243] syste[1 Mntg buFile System...
         Mounting Debug File System...
[   55.240667] systemd[1]: Starting Remount Root and Kernel File Systems...
         [   55.452211] EXT4-fs (sda1): re-mounted. Opts: (null)
Starting Remount Root and Kernel File Systems...
[   55.648644] systemd[1]: Listening on udev Kernel Socket.
[[0;32m  OK  [0m] Listening on udev Kernel Socket.
[   55.764508] systemd[1]: Mounting Huge Pages File System...
         Mounting Huge Pages File System...
[   56.104561] systemd[1]: Listening on /dev/initctl Compatibility Named Pipe.
[[0;32m  OK  [0m] Listening on /dev/initctl Compatibility Named Pipe.
[   56.812737] systemd[1]: Started Forward Password Requests to Wall Directory Watch.
[[0;32m  OK  [0m] Started Forward Password Requests to Wall Directory Watch.
[   56.864795] systemd[1]: Created slice User and Session Slice.
[[0;32m  OK  [0m] Created slice User and Session Slice.
[   57.308501] systemd[1]: Reached target Slices.
[[0;32m  OK  [0m] Reached target Slices.
[   57.828538] systemd[1]: Mounting POSIX Message Queue File System...
         Mounting POSIX Message Queue File System...
[   57.976602] systemd[1]: Starting Monitoring of LVM2 mirrors, snapshots etc. using dmeventd or progress polling...
         Starting Monitoring of LVM2 mirrors... dmeventd or progress polling...
[   58.032780] systemd[1]: Set up automount Arbitrary Executable File Formats File System Automount Point.
[[0;32m  OK  [0m] Set up automount Arbitrary Executab...ats File System Automount Point.
[   58.544404] systemd[1]: Listening on Journal Socket (/dev/log).
[[0;32m  OK  [0m] Listening on Journal Socket (/dev/log).
[   58.604792] systemd[1]: Starting Journal Service...
         Starting Journal Service...
[   58.624441] systemd[1]: Starting Nameserver information manager...
         Starting Nameserver information manager...
[   58.728549] systemd[1]: Reached target User and Group Name Lookups.
[[0;32m  OK  [0m] Reached target User and Group Name Lookups.
[   59.165784] systemd[1]: Mounted POSIX Message Queue File System.
[[0;32m  OK  [0m] Mounted POSIX Message Queue File System.
[   59.608428] systemd[1]: Mounted Huge Pages File System.
[[0;32m  OK  [0m] Mounted Huge Pages File System.
[   60.204630] systemd[1]: Mounted Debug File System.
[[0;32m  OK  [0m] Mounted Debug File System.
[   60.340685] systemd[1]: Started Journal Service.
[[0;32m  OK  [0m] Started Journal Service.
[[0;32m  OK  [0m] Started Create list of required sta...ce nodes for the current kernel.
[[0;32m  OK  [0m] Started Load Kernel Modules.
[[0;32m  OK  [0m] Started Uncomplicated firewall.
[[0;32m  OK  [0m] Started Remount Root and Kernel File Systems.
[[0;32m  OK  [0m] Started Nameserver information manager.
[[0;32m  OK  [0m] Started LVM2 metadata daemon.
         Starting udev Coldplug all Devices...
         Starting Load/Save Random Seed...
         Mounting FUSE Control File System...
         Starting Apply Kernel Variables...
         Starting Create Static Device Nodes in /dev...
         Starting Flush Journal to Persistent Storage...
[[0;32m  OK  [0m] Mounted FUSE Control File System.
[[0;32m  OK  [0m] Started Monitoring of LVM2 mirrors,...ng dmeventd or progress polling.
[[0;32m  OK  [0m] Started Load/Save Random Seed.
[[0;32m  OK  [0m] Started Apply Kernel Variables.
[[0;32m  OK  [0m] Started Create Static Device Nodes in /dev.
[[0;32m  OK  [0m] Started udev Coldplug all Devices.
         Starting udev Kernel Device Manager...
[[0;32m  OK  [0m] Started Flush Journal to Persistent Storage.
[[0;32m  OK  [0m] Started udev Kernel Device Manager.
[[0;32m  OK  [0m] Reached target Local File Systems (Pre).
[[0;32m  OK  [0m] Reached target Local File Systems.
         Starting Commit a transient machine-id on disk...
         Starting Set console keymap...
         Starting Tell Plymouth To Write Out Runtime Data...
         Starting Initial cloud-init job (pre-networking)...
         Starting Create Volatile Files and Directories...
         Starting LSB: AppArmor initialization...
[[0;32m  OK  [0m] Started Dispatch Password Requests to Console Directory Watch.
[[0;32m  OK  [0m] Started Commit a transient machine-id on disk.
[[0;32m  OK  [0m] Started Set console keymap.
[[0;32m  OK  [0m] Started Tell Plymouth To Write Out Runtime Data.
[[0;32m  OK  [0m] Started Create Volatile Files and Directories.
[[0;32m  OK  [0m] Found device /dev/ttyS0.
[[0;32m  OK  [0m] Listening on Load/Save RF Kill Switch Status /dev/rfkill Watch.
         Starting Update UTMP about System Boot/Shutdown...
         Starting Network Time Synchronization...
[[0;32m  OK  [0m] Started Update UTMP about System Boot/Shutdown.
[[0;32m  OK  [0m] Started Network Time Synchronization.
[[0;32m  OK  [0m] Reached target System Time Synchronized.
[[0;32m  OK  [0m] Started LSB: AppArmor initialization.
[[0;32m  OK  [0m] Reached target System Initialization.
         Starting Socket activation for snappy daemon.
[[0;32m  OK  [0m] Listening on D-Bus System Message Bus Socket.
[[0;32m  OK  [0m] Started Daily apt activities.
[[0;32m  OK  [0m] Listening on UUID daemon activation socket.
[[0;32m  OK  [0m] Started Daily Cleanup of Temporary Directories.
[[0;32m  OK  [0m] Started Timer to automatically refresh installed snaps.
[[0;32m  OK  [0m] Reached target Timers.
[[0;32m  OK  [0m] Started Trigger resolvconf update for networkd DNS.
[[0;32m  OK  [0m] Listening on ACPID Listen Socket.
[[0;32m  OK  [0m] Started ACPI Events Check.
[[0;32m  OK  [0m] Reached target Paths.
         Starting LXD - unix socket.
[[0;32m  OK  [0m] Listening on Socket activation for snappy daemon.
[[0;32m  OK  [0m] Listening on LXD - unix socket.
[[0;32m  OK  [0m] Reached target Sockets.
[[0;32m  OK  [0m] Reached target Basic System.
[[0;32m  OK  [0m] Started ACPI event daemon.
         Starting System Logging Service...
         Starting LSB: MD monitoring daemon...
         Starting Login Service...
[[0;32m  OK  [0m] Started Regular background program processing daemon.
         Starting Accounts Service...
[[0;32m  OK  [0m] Started D-Bus System Message Bus.
[[0;32m  OK  [0m] Started FUSE filesystem for LXC.
[[0;32m  OK  [0m] Started Deferred execution scheduler.
         Starting LSB: Record successful boot for GRUB...
         Starting LXD - container startup/shutdown...
[[0;32m  OK  [0m] Started Snappy daemon.
[[0;32m  OK  [0m] Started System Logging Service.
[[0;32m  OK  [0m] Started Login Service.
[[0;32m  OK  [0m] Started LSB: Record successful boot for GRUB.
[[0;32m  OK  [0m] Started LSB: MD monitoring daemon.
         Starting Authenticate and Authorize Users to Run Privileged Tasks...
[[0;32m  OK  [0m] Started Authenticate and Authorize Users to Run Privileged Tasks.
[[0;32m  OK  [0m] Started Accounts Service.
[[0;32m  OK  [0m] Started LXD - container startup/shutdown.
[   60.738073] cloud-init[627]: Cloud-init v. 0.7.7 running 'init-local' at Thu, 07 Jul 2016 08:19:15 +0000. Up 60.02 seconds.
[[0;32m  OK  [0m] Started Initial cloud-init job (pre-networking).
[[0;32m  OK  [0m] Reached target Network (Pre).
         Starting Raise network interfaces...
[[0;32m  OK  [0m] Started ifup for enp0s3.
[[0;32m  OK  [0m] Found device 82540EM Gigabit Ethern...r (PRO/1000 MT Desktop Adapter).
[[0;32m  OK  [0m] Started Raise network interfaces.
[[0;32m  OK  [0m] Reached target Network.
         Starting Initial cloud-init job (metadata service crawler)...
[   63.786417] cloud-init[999]: Cloud-init v. 0.7.7 running 'init' at Thu, 07 Jul 2016 08:19:17 +0000. Up 62.37 seconds.
[[0;32m  OK  [0m] Started Initial cloud-init job (metadata service crawler).
[   63.855683] cloud-init[999]: ci-info: ++++++++++++++++++++++++++++++++++++++Net device info++++++++++++++++++++++++++++++++++++++
[[0;32m  OK  [0m] Reached target Network is Online.
[   63.883880] cloud-init[999]: ci-info: +--------+-------+----------------------------+---------------+-------+-------------------+
[   63.899927]          cloud-initStarting iSCSI initiator daemon (iscsid)...[999]: 
ci-info: | Device |   Up  |          Address           |      Mask     | Scope |     Hw-Address    |
[   63.912874]          Starting /etc/rc.local Compatibility...
cloud-init[999]: ci-info: +--------+-------+----------------------------+---------------+-------+-------------------+
[   63.917592] cloud-init         Starting Seed the pseudo random number generator on first boot...
[[0;32m  OK  [0m] Reached target Cloud-config availability.
[999]: ci-info: | enp0s3 |  True |         10.0.2.15          | 255.255.255.0 |   .   | 02:81:60:f4:7d:88 |
[   64.201126]          cloud-initStarting Apply the settings specified in cloud-config...[999]: 
ci-info: | enp0s3 |  True | fe80::81:60ff:fef4:7d88/64 |       .       |  link | 02:81:60:f4:7d:88 |
[   64.464520] [cloud-init[0;32m  OK  [0m[999]: ] ci-info: |   lo   |  True |         127.0.0.1          |   255.0.0.0   |   .   |         .         |Started /etc/rc.local Compatibility.

[[0;32m  OK  [0m] Started iSCSI initiator daemon (iscsid).
[   64.465030] cloud-init[999]: ci-info: |   lo   |  True |          ::1/128           |       .       |  host |         .         |
[   64.788567]          cloud-initStarting Login to default iSCSI targets...[999]: 
ci-info: | enp0s8 | False |             .              |       .       |   .   | 08:00:27:35:3d:d6 |
[   64.952489] cloud-init[999]: ci-info: +--------+-------+----------------------------+---------------+-------+-------------------+
[[0;32m  OK  [0m] Started Login to default iSCSI targets.
[[0;32m  OK  [0m] Reached target Remote File Systems (Pre).
[[0;32m  OK  [0m] Reached target Remote File Systems.
[   65.063930] cloud-init[999]: ci-info: +++++++++++++++++++++++++++Route IPv4 info++++++++++++++++++++++++++++
[   65.300577]          cloud-initStarting LSB: daemon to balance interrupts for SMP systems...[999]: 
ci-info: +-------+-------------+----------+---------------+-----------+-------+
[   65.318560] cloud-init         Starting LSB: automatic crash report generation...
[999]: ci-info: | Route | Destination | Gateway  |    Genmask    | Interface | Flags |
[   65.439294]          cloud-initStarting LSB: Set the CPU Frequency Scaling governor to "ondemand"...[999]: 
ci-info: +-------+-------------+----------+---------------+-----------+-------+
[   65.568416]          cloud-initStarting Permit User Sessions...[999]: 
ci-info: |   0   |   0.0.0.0   | 10.0.2.2 |    0.0.0.0    |   enp0s3  |   UG  |
[   65.720601] [cloud-init[0;32m  OK  [0m[999]: ] ci-info: |   1   |   10.0.2.0  | 0.0.0.0  | 255.255.255.0 |   enp0s3  |   U   |Started Permit User Sessions.

[   65.721354] cloud-init[999]: ci-info: +-------+-------------+----------+---------------+-----------+-------+
[   65.892434] cloud-init[999]: Generating public/private rsa key pair.
[   65.892785] cloud-init[999]: Your identification has been saved in /etc/ssh/ssh_host_rsa_key.
         Starting Hold until boot process finishes up...
[   65.892953] cloud-init[999]: Your public key has been saved in /etc/ssh/ssh_host_rsa_key.pub.
[   66.028562] cloud-init[999]: The key fingerprint is:
[   66.029020] cloud-init[999]: SHA256:7Fovm1fJ/DYhHH01KcEHvDtyjqou6vkQ60GzdfpcGW8 root@ubuntu-xenial
         Starting Terminate Plymouth Boot Screen...
[   66.029212] cloud-init[999]: The key's randomart image is:
[[   66.292537] cloud-init[999]: +---[RSA 2048]----+
[   66.293377] cloud-init[999]: |            ooo .|
[0;32m  OK  [0m] Started LSB: daemon to balance interrupts for SMP systems.
[   66.293534] cloud-init[999]: |             + +.|
[[   66.472510] cloud-init[999]: |             .+ o|
[0;32m  OK  [0m] Started LSB: automatic crash report generation.
[   66.473577] cloud-init[999]: |       .    ... .|
[   66.557240] cloud-init[999]: |   + . .S. + o.. |
[[0;32m  OK  [0m] Started LSB: Set the CPU Frequency Scaling governor to "ondemand".
[   66.557468] cloud-init[999]: |  . * o.  +.B+.  |
[[   66.756459] cloud-init[999]: |   = .  oo E=o.. |
[   66.757339] cloud-init[999]: |  . +.ooooo. .+  |
[0;32m  OK  [0m] Started Hold until boot process finishes up.
[   66.757504] cloud-init[999]: |  .=o.+=+=o  . . |
[   66.956526] cloud-init[999]: +----[SHA256]-----+
[   66.957049] cloud-init[999]: Generating public/private dsa key pair.
[[0;32m  OK  [0m] Started Terminate Plymouth Boot Screen.
[   66.957400] cloud-init[999]: Your identification has been saved in /etc/ssh/ssh_host_dsa_key.
[   67.192572] cloud-init[999]: Your public key has been saved in /etc/ssh/ssh_host_dsa_key.pub.
[   67.192903] cloud-init[999]: The key fingerprint is:
[[0;32m  OK  [0m] Started Serial Getty on ttyS0.
[   67.193035] cloud-init[999]: SHA256:xN2gQrT/3hW23tFFIMhBoLpf2O+yl3VFOKIeNCMoxQM root@ubuntu-xenial
[   67.508540] cloud-init[999]: The key's randomart image is:
[   67.509076] cloud-init[999]: +---[DSA 1024]----+
[[0;32m  OK  [0m] Started Getty on tty1.
[   67.509286] cloud-init[999]: |    E=+..++o. .. |
[   67.657182] cloud-init[999]: |    ..++.o*o..o..|
[[0;32m  OK  [0m] Reached target Login Prompts.
[   67.657395] cloud-init[999]: |     .+.+o.+.. o.|
[   67.824628] cloud-init[999]: |     . +  o    ..|
[   67.825172] cloud-init[999]: |    .   S. .  o..|
[[0;32m  OK  [0m] Started Seed the pseudo random number generator on first boot.
[   67.825377] cloud-init[999]: |     . o .. ...oo|
[   68.064534] cloud-init[999]: |    . . o .o .o..|
[   68.065059] cloud-init[999]: |     . ..oo. o ..|
[[0;32m  OK  [0m] Stopped OpenBSD Secure Shell server.
[   68.065280] cloud-init[999]: |      . .=+ . . .|
[   68.264567] cloud-init[999]: +----[SHA256]-----+
         Starting OpenBSD Secure Shell server...
[   68.265160] cloud-init[999]: Generating public/private ecdsa key pair.
[   68.295221] cloud-init[999]: Your identification has been saved in /etc/ssh/ssh_host_ecdsa_key.
[   68.297166] cloud-init[999]: Your public key has been saved in /etc/ssh/ssh_host_ecdsa_key.pub.
[   68.298728] cloud-init[999]: The key fingerprint is:
[   68.299726] cloud-init[999]: SHA256:7y5tM2Qxdq+hywOTQ6xNLnY8DDJSp7eEkxyXfLoqPcI root@ubuntu-xenial
[   68.302283] cloud-init[999]: The key's randomart image is:
[   68.303330] cloud-init[999]: +---[ECDSA 256]---+
[   68.304303] cloud-init[999]: |     . .         |
[   68.305282] cloud-init[999]: |    o = .        |
[   68.306314] cloud-init[999]: |   o B +         |
[   68.307305] cloud-init[999]: |  . O = + + .    |
[   68.308321] cloud-init[999]: |   . * %So + .   |
[   68.309291] cloud-init[999]: |      * %.o . .  |
[   68.310275] cloud-init[999]: | . . o o O.. o   |
[   68.311244] cloud-init[999]: |  E +   .oB .    |
[   68.312239] cloud-init[999]: |   o .   +==     |
[   68.313227] cloud-init[999]: +----[SHA256]-----+
[   68.314213] cloud-init[999]: Generating public/private ed25519 key pair.
[   68.315458] cloud-init[999]: Your identification has been saved in /etc/ssh/ssh_host_ed25519_key.
[   68.316962] cloud-init[999]: Your public key has been saved in /etc/ssh/ssh_host_ed25519_key.pub.
[   68.318497] cloud-init[999]: The key fingerprint is:
[   68.324267] cloud-init[999]: SHA256:tRYro0+VszrRF/3PZNxXGEam5g7Pv7lSB6RIlfQoaek root@ubuntu-xenial
[[0;32m  OK  [0m] Started OpenBSD Secure Shell server.
[   68.414954] cloud-init[999]: The key's randomart image is:
[   68.508519] cloud-init[999]: +--[ED25519 256]--+
[   68.540391] cloud-init[999]: |           oooo  |
[   68.589344] cloud-init[999]: |          .o.=+  |
[   68.636308] cloud-init[999]: |         .B.+=.o |
[   68.700451] cloud-init[999]: |         +.Oo + .|
[   68.744540] cloud-init[999]: |        S.E .. +o|
[   68.800382] cloud-init[999]: |       ..=.B. . O|
[   68.832457] cloud-init[999]: |      . ....+. =o|
[   68.892529] [cloud-init[0;32m  OK  [0m[999]: ] |       o..  .. .o|Created slice User Slice of ubuntu.

[   68.893081] cloud-init[999]: |        o.   .=o |
[   68.924201] cloud-init[999]: +----[SHA256]-----+
         Starting User Manager for UID 1000...
[   68.937526] cloud-init[1094]: Generating locales (this might take a while)...
[[0;32m  OK  [0m] Started Session 1 of user ubuntu.
[   68.950988] cloud-init[1094]:   en_US.UTF-8... done
[   68.954782] cloud-init[1094]: Generation complete.
[[0;32m  OK  [0m] Started User Manager for UID 1000.
[   69.204767] cloud-init[1094]: Cloud-init v. 0.7.7 running 'modules:config' at Thu, 07 Jul 2016 08:19:19 +0000. Up 64.32 seconds.
[[0;32m  OK  [0m] Started Apply the settings specified in cloud-config.
         Starting Execute cloud user/final scripts...
ci-info: no authorized ssh keys fingerprints found for user ubuntu.
<14>Jul  7 08:19:25 ec2: 
<14>Jul  7 08:19:25 ec2: #############################################################
<14>Jul  7 08:19:25 ec2: -----BEGIN SSH HOST KEY FINGERPRINTS-----
<14>Jul  7 08:19:25 ec2: 1024 SHA256:xN2gQrT/3hW23tFFIMhBoLpf2O+yl3VFOKIeNCMoxQM root@ubuntu-xenial (DSA)
<14>Jul  7 08:19:25 ec2: 256 SHA256:7y5tM2Qxdq+hywOTQ6xNLnY8DDJSp7eEkxyXfLoqPcI root@ubuntu-xenial (ECDSA)
<14>Jul  7 08:19:25 ec2: 256 SHA256:tRYro0+VszrRF/3PZNxXGEam5g7Pv7lSB6RIlfQoaek root@ubuntu-xenial (ED25519)
<14>Jul  7 08:19:25 ec2: 2048 SHA256:7Fovm1fJ/DYhHH01KcEHvDtyjqou6vkQ60GzdfpcGW8 root@ubuntu-xenial (RSA)
<14>Jul  7 08:19:25 ec2: -----END SSH HOST KEY FINGERPRINTS-----
<14>Jul  7 08:19:25 ec2: #############################################################
-----BEGIN SSH HOST KEY KEYS-----
ecdsa-sha2-nistp256 AAAAE2VjZHNhLXNoYTItbmlzdHAyNTYAAAAIbmlzdHAyNTYAAABBBDFKpvehP5gGwANYZOXmUO7rdaARNvI19R1AxB63FNGLDMYGzdLm3kXH8Jqr7OfEHW7oliAcYieDRTidVpCEXZI= root@ubuntu-xenial
ssh-ed25519 AAAAC3NzaC1lZDI1NTE5AAAAIGnTvpJfO46sIWYCHiYvswaBp9DgW8eUIWYvNiiJfe00 root@ubuntu-xenial
ssh-rsa AAAAB3NzaC1yc2EAAAADAQABAAABAQC1AnXH+fwaIzqK3FKO3y4LFPbg6EpLc2X8lbjEwC6rvJkAUDVDlu35Dkins1Egrng9jCS3X8yx+nNJBzOAK9CiiVn+KBpJGrGJX75X2sxg0OuiUpkTpiRXUrHQEr8tk5PpRF5WyGliuWVRmBRFWEVYntvH4kTiuHa7rr4sThjsn/ieHjoNpfcoWCqpUSbdIK4mtojQ6yHbG/QNdXjHhH3xvFrcdOI41Y48ftu2w1Hwls62KgmOEZGJ+kmmv94SBg2umaiS2D5e7Nx9Zlb51Tja2piDbBYWwGoqWdCol1pflgiLEWjKzha6FegMJlRwa86O7E4QIxm35kH/LWKEx75F root@ubuntu-xenial
-----END SSH HOST KEY KEYS-----
[   70.095283] cloud-init[1309]: Cloud-init v. 0.7.7 running 'modules:final' at Thu, 07 Jul 2016 08:19:25 +0000. Up 69.71 seconds.
[   70.102354] cloud-init[1309]: ci-info: no authorized ssh keys fingerprints found for user ubuntu.
[   70.106017] cloud-init[1309]: Cloud-init v. 0.7.7 finished at Thu, 07 Jul 2016 08:19:25 +0000. Datasource DataSourceNoCloudNet [seed=/dev/sdb][dsmode=net].  Up 70.08 seconds
[[0;32m  OK  [0m] Started Execute cloud user/final scripts.
[[0;32m  OK  [0m] Reached target Cloud-init target.
[[0;32m  OK  [0m] Reached target Multi-User System.
[[0;32m  OK  [0m] Reached target Graphical Interface.
         Starting Update UTMP about System Runlevel Changes...
[[0;32m  OK  [0m] Started Update UTMP about System Runlevel Changes.

Ubuntu 16.04 LTS ubuntu-xenial ttyS0

ubuntu-xenial login: [ 8075.216819] e1000 0000:00:03.0 enp0s3: Detected Tx Unit Hang
[ 8075.216819]   Tx Queue             <0>
[ 8075.216819]   TDH                  <fb>
[ 8075.216819]   TDT                  <fd>
[ 8075.216819]   next_to_use          <fd>
[ 8075.216819]   next_to_clean        <fb>
[ 8075.216819] buffer_info[next_to_clean]
[ 8075.216819]   time_stamp           <1001da109>
[ 8075.216819]   next_to_watch        <fc>
[ 8075.216819]   jiffies              <1001da3c5>
[ 8075.216819]   next_to_watch.status <0>
[ 8080.003052] e1000 0000:00:03.0 enp0s3: Reset adapter
